<?xml version="1.0" encoding="UTF-8"?>
<!-- Generated by org.testng.reporters.JUnitReportReporter -->
<testsuite hostname="Dhanashree" failures="0" tests="3" name="com.automation.tests.LoginTest" time="11.899" errors="0" timestamp="2025-07-16T10:53:55 IST" skipped="2">
  <testcase classname="com.automation.tests.LoginTest" name="testInvalidUser" time="3.760">
    <skipped/>
  </testcase> <!-- testInvalidUser -->
  <testcase classname="com.automation.tests.LoginTest" name="testInvalidCredentials" time="8.139"/>
  <testcase classname="com.automation.tests.LoginTest" name="testValidLogin">
    <skipped/>
  </testcase> <!-- testValidLogin -->
</testsuite> <!-- com.automation.tests.LoginTest -->
