<?xml version="1.0" encoding="UTF-8"?>
<!-- Generated by org.testng.reporters.JUnitReportReporter -->
<testsuite hostname="Dhanashree" failures="0" tests="1" name="com.automation.tests.LoginTest" time="11.461" errors="0" timestamp="2025-07-15T14:44:35 IST" skipped="0">
  <testcase classname="com.automation.tests.LoginTest" name="testValidLogin" time="11.461"/>
</testsuite> <!-- com.automation.tests.LoginTest -->
