<?xml version="1.0" encoding="UTF-8"?>
<!-- Generated by org.testng.reporters.JUnitReportReporter -->
<testsuite hostname="Dhanashree" failures="0" tests="3" name="com.automation.tests.LoginTest" time="18.179" errors="0" timestamp="2025-07-16T13:03:12 IST" skipped="2">
  <testcase classname="com.automation.tests.LoginTest" name="testValidLogin" time="14.587"/>
  <testcase classname="com.automation.tests.LoginTest" name="testInvalidUser" time="3.592">
    <skipped/>
  </testcase> <!-- testInvalidUser -->
  <testcase classname="com.automation.tests.LoginTest" name="testInvalidCredentials">
    <skipped/>
  </testcase> <!-- testInvalidCredentials -->
</testsuite> <!-- com.automation.tests.LoginTest -->
