<?xml version="1.0" encoding="UTF-8"?>
<!-- Generated by org.testng.reporters.JUnitReportReporter -->
<testsuite hostname="Dhanashree" failures="0" tests="2" name="com.automation.tests.LoginTest" time="12.306" errors="0" timestamp="2025-07-15T18:48:00 IST" skipped="1">
  <testcase classname="com.automation.tests.LoginTest" name="testValidLogin" time="12.306"/>
  <testcase classname="com.automation.tests.LoginTest" name="testInvalidLogin">
    <skipped/>
  </testcase> <!-- testInvalidLogin -->
</testsuite> <!-- com.automation.tests.LoginTest -->
